<?xml version="1.0" encoding="UTF-8"?>
<robot generator="Robot 6.0.2 (Python 3.8.10 on linux)" generated="20230213 21:19:50.687" rpa="false" schemaversion="3">
<suite id="s1" name="Tests" source="/home/dione/Documents/Projet/Automatisation Test/Automatisatio_Test_Robot_Framework/Tests">
<suite id="s1-s1" name="Main" source="/home/dione/Documents/Projet/Automatisation Test/Automatisatio_Test_Robot_Framework/Tests/main.robot">
<kw name="Begin Web Test" library="common" type="SETUP">
<kw name="Open Browser" library="SeleniumLibrary">
<arg>about:blank</arg>
<arg>${BROWSER}</arg>
<doc>Opens a new browser instance to the optional ``url``.</doc>
<msg timestamp="20230213 21:19:50.863" level="INFO">Opening browser 'chrome' to base url 'about:blank'.</msg>
<status status="PASS" starttime="20230213 21:19:50.862" endtime="20230213 21:19:51.408"/>
</kw>
<kw name="Maximize Browser Window" library="SeleniumLibrary">
<doc>Maximizes current browser window.</doc>
<status status="PASS" starttime="20230213 21:19:51.409" endtime="20230213 21:19:51.528"/>
</kw>
<status status="PASS" starttime="20230213 21:19:50.861" endtime="20230213 21:19:51.528"/>
</kw>
<test id="s1-s1-t1" name="Voir Produits disponibles" line="13">
<kw name="Charger la page Web" library="pageAccueil">
<kw name="Go To" library="SeleniumLibrary">
<arg>${URL}</arg>
<doc>Navigates the current browser window to the provided ``url``.</doc>
<msg timestamp="20230213 21:19:51.531" level="INFO">Opening url 'https://www.google.com/'</msg>
<status status="PASS" starttime="20230213 21:19:51.530" endtime="20230213 21:19:53.416"/>
</kw>
<status status="PASS" starttime="20230213 21:19:51.530" endtime="20230213 21:19:53.417"/>
</kw>
<kw name="Chercher Site Web" library="pageAccueil">
<kw name="Clear Element Text" library="SeleniumLibrary">
<arg>name=q</arg>
<doc>Clears the value of the text-input-element identified by ``locator``.</doc>
<status status="PASS" starttime="20230213 21:19:53.418" endtime="20230213 21:19:53.470"/>
</kw>
<kw name="Input Text" library="SeleniumLibrary">
<arg>name=q</arg>
<arg>amazon</arg>
<doc>Types the given ``text`` into the text field identified by ``locator``.</doc>
<msg timestamp="20230213 21:19:53.470" level="INFO">Typing text 'amazon' into text field 'name=q'.</msg>
<status status="PASS" starttime="20230213 21:19:53.470" endtime="20230213 21:19:53.552"/>
</kw>
<kw name="Mouse Down" library="SeleniumLibrary">
<arg>xpath=/html/body/div[1]/div[2]</arg>
<doc>Simulates pressing the left mouse button on the element ``locator``.</doc>
<msg timestamp="20230213 21:19:53.553" level="INFO">Simulating Mouse Down on element 'xpath=/html/body/div[1]/div[2]'.</msg>
<status status="PASS" starttime="20230213 21:19:53.552" endtime="20230213 21:19:53.857"/>
</kw>
<kw name="Mouse Up" library="SeleniumLibrary">
<arg>xpath=/html/body/div[1]/div[2]</arg>
<doc>Simulates releasing the left mouse button on the element ``locator``.</doc>
<msg timestamp="20230213 21:19:53.858" level="INFO">Simulating Mouse Up on element 'xpath=/html/body/div[1]/div[2]'.</msg>
<status status="PASS" starttime="20230213 21:19:53.857" endtime="20230213 21:19:54.169"/>
</kw>
<kw name="Click Element" library="SeleniumLibrary">
<arg>xpath=/html/body/div[1]/div[3]/form/div[1]/div[1]/div[4]/center/input[1]</arg>
<doc>Click the element identified by ``locator``.</doc>
<msg timestamp="20230213 21:19:54.174" level="INFO">Clicking element 'xpath=/html/body/div[1]/div[3]/form/div[1]/div[1]/div[4]/center/input[1]'.</msg>
<status status="PASS" starttime="20230213 21:19:54.170" endtime="20230213 21:19:57.431"/>
</kw>
<kw name="Wait Until Page Contains" library="SeleniumLibrary">
<arg>Images</arg>
<doc>Waits until ``text`` appears on the current page.</doc>
<status status="PASS" starttime="20230213 21:19:57.432" endtime="20230213 21:19:57.462"/>
</kw>
<status status="PASS" starttime="20230213 21:19:53.417" endtime="20230213 21:19:57.463"/>
</kw>
<kw name="Naviguer vers le site Amazon" library="pageAccueil">
<kw name="Click Element" library="SeleniumLibrary">
<arg>xpath=/html/body/div[7]/div/div[11]/div[1]/div[1]/div[2]/div/div/div/div/div/div[1]/a/div[1]/span</arg>
<doc>Click the element identified by ``locator``.</doc>
<msg timestamp="20230213 21:19:57.464" level="INFO">Clicking element 'xpath=/html/body/div[7]/div/div[11]/div[1]/div[1]/div[2]/div/div/div/div/div/div[1]/a/div[1]/span'.</msg>
<status status="PASS" starttime="20230213 21:19:57.463" endtime="20230213 21:20:04.114"/>
</kw>
<kw name="Wait Until Page Contains" library="SeleniumLibrary">
<arg>Orders</arg>
<doc>Waits until ``text`` appears on the current page.</doc>
<status status="PASS" starttime="20230213 21:20:04.115" endtime="20230213 21:20:04.197"/>
</kw>
<status status="PASS" starttime="20230213 21:19:57.463" endtime="20230213 21:20:04.197"/>
</kw>
<kw name="Rechercher le produit" library="pageAccueil">
<kw name="Clear Element Text" library="SeleniumLibrary">
<arg>xpath=/html/body/div[1]/header/div/div[1]/div[2]/div/form/div[2]/div[1]/input</arg>
<doc>Clears the value of the text-input-element identified by ``locator``.</doc>
<status status="PASS" starttime="20230213 21:20:04.198" endtime="20230213 21:20:04.246"/>
</kw>
<kw name="Input Text" library="SeleniumLibrary">
<arg>xpath=/html/body/div[1]/header/div/div[1]/div[2]/div/form/div[2]/div[1]/input</arg>
<arg>rj45 cable</arg>
<doc>Types the given ``text`` into the text field identified by ``locator``.</doc>
<msg timestamp="20230213 21:20:04.247" level="INFO">Typing text 'rj45 cable' into text field 'xpath=/html/body/div[1]/header/div/div[1]/div[2]/div/form/div[2]/div[1]/input'.</msg>
<status status="PASS" starttime="20230213 21:20:04.247" endtime="20230213 21:20:04.610"/>
</kw>
<kw name="Click Element" library="SeleniumLibrary">
<arg>xpath=/html/body/div[1]/header/div/div[1]/div[2]/div/form/div[3]/div/span/input</arg>
<doc>Click the element identified by ``locator``.</doc>
<msg timestamp="20230213 21:20:04.611" level="INFO">Clicking element 'xpath=/html/body/div[1]/header/div/div[1]/div[2]/div/form/div[3]/div/span/input'.</msg>
<status status="PASS" starttime="20230213 21:20:04.610" endtime="20230213 21:20:16.187"/>
</kw>
<status status="PASS" starttime="20230213 21:20:04.197" endtime="20230213 21:20:16.187"/>
</kw>
<status status="PASS" starttime="20230213 21:19:51.529" endtime="20230213 21:20:16.188"/>
</test>
<test id="s1-s1-t2" name="Choisir son produit" line="19">
<kw name="Choisir un produit interessant" library="pageProduit">
<kw name="Click Link" library="SeleniumLibrary">
<arg>xpath=/html/body/div[1]/div[2]/div[1]/div[1]/div/span[1]/div[1]/div[2]/div/div/div/div/div/div/div/div[2]/div/div/div[1]/h2/a</arg>
<doc>Clicks a link identified by ``locator``.</doc>
<msg timestamp="20230213 21:20:16.197" level="INFO">Clicking link 'xpath=/html/body/div[1]/div[2]/div[1]/div[1]/div/span[1]/div[1]/div[2]/div/div/div/div/div/div/div/div[2]/div/div/div[1]/h2/a'.</msg>
<msg timestamp="20230213 21:20:16.457" level="INFO" html="true">&lt;/td&gt;&lt;/tr&gt;&lt;tr&gt;&lt;td colspan="3"&gt;&lt;a href="selenium-screenshot-1.png"&gt;&lt;img src="selenium-screenshot-1.png" width="800px"&gt;&lt;/a&gt;</msg>
<msg timestamp="20230213 21:20:16.457" level="FAIL">Link with locator 'xpath=/html/body/div[1]/div[2]/div[1]/div[1]/div/span[1]/div[1]/div[2]/div/div/div/div/div/div/div/div[2]/div/div/div[1]/h2/a' not found.</msg>
<status status="FAIL" starttime="20230213 21:20:16.196" endtime="20230213 21:20:16.467"/>
</kw>
<kw name="Wait Until Page Contains" library="SeleniumLibrary">
<arg>Add to Cart</arg>
<doc>Waits until ``text`` appears on the current page.</doc>
<status status="NOT RUN" starttime="20230213 21:20:16.467" endtime="20230213 21:20:16.467"/>
</kw>
<status status="FAIL" starttime="20230213 21:20:16.196" endtime="20230213 21:20:16.468"/>
</kw>
<kw name="Choisir taille cable" library="pageProduit">
<status status="NOT RUN" starttime="20230213 21:20:16.468" endtime="20230213 21:20:16.469"/>
</kw>
<kw name="Ajouter produit au panier" library="pageProduit">
<status status="NOT RUN" starttime="20230213 21:20:16.469" endtime="20230213 21:20:16.469"/>
</kw>
<status status="FAIL" starttime="20230213 21:20:16.195" endtime="20230213 21:20:16.470">Link with locator 'xpath=/html/body/div[1]/div[2]/div[1]/div[1]/div/span[1]/div[1]/div[2]/div/div/div/div/div/div/div/div[2]/div/div/div[1]/h2/a' not found.</status>
</test>
<test id="s1-s1-t3" name="Proceder au paiement" line="24">
<kw name="Inspecter panier" library="panier">
<kw name="Click Element" library="SeleniumLibrary">
<arg>xpath=/html/body/div[1]/header/div/div[1]/div[3]/div/a[4]/div[1]/span[1]</arg>
<doc>Click the element identified by ``locator``.</doc>
<msg timestamp="20230213 21:20:16.474" level="INFO">Clicking element 'xpath=/html/body/div[1]/header/div/div[1]/div[3]/div/a[4]/div[1]/span[1]'.</msg>
<status status="PASS" starttime="20230213 21:20:16.472" endtime="20230213 21:20:19.309"/>
</kw>
<kw name="Wait Until Page Contains" library="SeleniumLibrary">
<arg>Shopping Cart</arg>
<doc>Waits until ``text`` appears on the current page.</doc>
<status status="PASS" starttime="20230213 21:20:19.309" endtime="20230213 21:20:19.377"/>
</kw>
<status status="PASS" starttime="20230213 21:20:16.472" endtime="20230213 21:20:19.377"/>
</kw>
<kw name="Commander" library="panier">
<kw name="Click Element" library="SeleniumLibrary">
<arg>xpath=/html/body/div[1]/div[2]/div[3]/div[3]/div/div[1]/div[1]/div/form/div/div/span/span/span/input</arg>
<doc>Click the element identified by ``locator``.</doc>
<msg timestamp="20230213 21:20:19.379" level="INFO">Clicking element 'xpath=/html/body/div[1]/div[2]/div[3]/div[3]/div/div[1]/div[1]/div/form/div/div/span/span/span/input'.</msg>
<msg timestamp="20230213 21:20:19.672" level="INFO" html="true">&lt;/td&gt;&lt;/tr&gt;&lt;tr&gt;&lt;td colspan="3"&gt;&lt;a href="selenium-screenshot-2.png"&gt;&lt;img src="selenium-screenshot-2.png" width="800px"&gt;&lt;/a&gt;</msg>
<msg timestamp="20230213 21:20:19.672" level="FAIL">Element with locator 'xpath=/html/body/div[1]/div[2]/div[3]/div[3]/div/div[1]/div[1]/div/form/div/div/span/span/span/input' not found.</msg>
<status status="FAIL" starttime="20230213 21:20:19.378" endtime="20230213 21:20:19.673"/>
</kw>
<kw name="Wait Until Page Contains" library="SeleniumLibrary">
<arg>Sign in</arg>
<doc>Waits until ``text`` appears on the current page.</doc>
<status status="NOT RUN" starttime="20230213 21:20:19.673" endtime="20230213 21:20:19.673"/>
</kw>
<status status="FAIL" starttime="20230213 21:20:19.378" endtime="20230213 21:20:19.673"/>
</kw>
<status status="FAIL" starttime="20230213 21:20:16.471" endtime="20230213 21:20:19.674">Element with locator 'xpath=/html/body/div[1]/div[2]/div[3]/div[3]/div/div[1]/div[1]/div/form/div/div/span/span/span/input' not found.</status>
</test>
<kw name="End Web Test" library="common" type="TEARDOWN">
<kw name="Sleep" library="BuiltIn">
<arg>3s</arg>
<doc>Pauses the test executed for the given time.</doc>
<msg timestamp="20230213 21:20:22.679" level="INFO">Slept 3 seconds</msg>
<status status="PASS" starttime="20230213 21:20:19.678" endtime="20230213 21:20:22.679"/>
</kw>
<kw name="Close Browser" library="SeleniumLibrary">
<doc>Closes the current browser.</doc>
<status status="PASS" starttime="20230213 21:20:22.680" endtime="20230213 21:20:22.835"/>
</kw>
<status status="PASS" starttime="20230213 21:20:19.676" endtime="20230213 21:20:22.835"/>
</kw>
<status status="FAIL" starttime="20230213 21:19:50.708" endtime="20230213 21:20:22.835"/>
</suite>
<status status="FAIL" starttime="20230213 21:19:50.688" endtime="20230213 21:20:22.836"/>
</suite>
<statistics>
<total>
<stat pass="1" fail="2" skip="0">All Tests</stat>
</total>
<tag>
</tag>
<suite>
<stat pass="1" fail="2" skip="0" id="s1" name="Tests">Tests</stat>
<stat pass="1" fail="2" skip="0" id="s1-s1" name="Main">Tests.Main</stat>
</suite>
</statistics>
<errors>
</errors>
</robot>
